<?xml version="1.0" encoding="UTF-8"?>
<!-- Generated by org.testng.reporters.JUnitReportReporter -->
<testsuite hostname="DESKTOP-9QJNAOQ" failures="0" tests="5" name="SecurityManager.UserGroupManagement" time="105.807" errors="0" timestamp="05 May 2022 16:54:13 GMT" skipped="0">
  <testcase classname="SecurityManager.UserGroupManagement" name="Login" time="20.147"/>
  <testcase classname="SecurityManager.UserGroupManagement" name="CreateUserGroup" time="33.693"/>
  <testcase classname="SecurityManager.UserGroupManagement" name="EditUserGroup" time="22.350"/>
  <testcase classname="SecurityManager.UserGroupManagement" name="DeleteUserGroup" time="27.002"/>
  <testcase classname="SecurityManager.UserGroupManagement" name="Logout" time="2.615"/>
</testsuite> <!-- SecurityManager.UserGroupManagement -->
