<?xml version="1.0" encoding="UTF-8"?>
<!-- Generated by org.testng.reporters.JUnitReportReporter -->
<testsuite hostname="DESKTOP-9QJNAOQ" failures="0" tests="1" name="SecurityManager.UserManagement1" time="11.623" errors="0" timestamp="04 Apr 2022 09:34:01 GMT" skipped="0">
  <testcase classname="SecurityManager.UserManagement1" name="Login" time="11.623"/>
</testsuite> <!-- SecurityManager.UserManagement1 -->
