<?xml version="1.0" encoding="UTF-8"?>
<!-- Generated by org.testng.reporters.JUnitReportReporter -->
<testsuite hostname="DESKTOP-9QJNAOQ" failures="0" tests="5" name="SecurityManager.ServerGroupManagement" time="96.715" errors="0" timestamp="05 May 2022 16:45:09 GMT" skipped="0">
  <testcase classname="SecurityManager.ServerGroupManagement" name="Login" time="18.394"/>
  <testcase classname="SecurityManager.ServerGroupManagement" name="CreateServerGroup" time="29.459"/>
  <testcase classname="SecurityManager.ServerGroupManagement" name="EditServerGroup" time="19.528"/>
  <testcase classname="SecurityManager.ServerGroupManagement" name="DeleteServerGroup" time="26.786"/>
  <testcase classname="SecurityManager.ServerGroupManagement" name="Logout" time="2.548"/>
</testsuite> <!-- SecurityManager.ServerGroupManagement -->
