<?xml version="1.0" encoding="UTF-8"?>
<!-- Generated by org.testng.reporters.JUnitReportReporter -->
<testsuite hostname="DESKTOP-9QJNAOQ" failures="0" tests="7" name="Administration.AuditReport" time="159.975" errors="0" timestamp="05 May 2022 17:00:40 GMT" skipped="0">
  <testcase classname="Administration.AuditReport" name="Login" time="15.462"/>
  <testcase classname="Administration.AuditReport" name="SecurityManagerAuditReport" time="76.168"/>
  <testcase classname="Administration.AuditReport" name="LoginUsername" time="2.718"/>
  <testcase classname="Administration.AuditReport" name="SecurityRefresh" time="10.794"/>
  <testcase classname="Administration.AuditReport" name="MenuChangeIcon" time="24.831"/>
  <testcase classname="Administration.AuditReport" name="HelpIcon" time="19.055"/>
  <testcase classname="Administration.AuditReport" name="Logout" time="10.947"/>
</testsuite> <!-- Administration.AuditReport -->
