<?xml version="1.0" encoding="UTF-8"?>
<!-- Generated by org.testng.reporters.JUnitReportReporter -->
<testsuite hostname="DESKTOP-9QJNAOQ" failures="0" tests="5" name="SecurityManager.TrustManagement" time="115.248" errors="0" timestamp="05 May 2022 16:48:00 GMT" skipped="0">
  <testcase classname="SecurityManager.TrustManagement" name="Login" time="26.215"/>
  <testcase classname="SecurityManager.TrustManagement" name="CreateTrust" time="35.310"/>
  <testcase classname="SecurityManager.TrustManagement" name="EditTrust" time="24.229"/>
  <testcase classname="SecurityManager.TrustManagement" name="DeleteTrust" time="26.841"/>
  <testcase classname="SecurityManager.TrustManagement" name="Logout" time="2.653"/>
</testsuite> <!-- SecurityManager.TrustManagement -->
