<?xml version="1.0" encoding="UTF-8"?>
<!-- Generated by org.testng.reporters.JUnitReportReporter -->
<testsuite hostname="DESKTOP-K4AEKHO" failures="0" tests="9" name="Administration.APIRoleManagement" time="169.438" errors="0" timestamp="2022-11-30T17:39:36 IST" skipped="0">
  <testcase classname="Administration.APIRoleManagement" name="Login" time="13.486"/>
  <system-out>
<br/> <img src=" E:\Automation\ApodWSM/Screenshots/ScreenshotsSuccess/Login.png" alt="""/" />  </system-out>
  <testcase classname="Administration.APIRoleManagement" name="createAPIRole" time="47.010"/>
  <system-out>
<br/> <img src=" E:\Automation\ApodWSM/Screenshots/ScreenshotsSuccess/createAPIRole.png" alt="""/" />  </system-out>
  <testcase classname="Administration.APIRoleManagement" name="HideIcon" time="4.591"/>
  <system-out>
<br/> <img src=" E:\Automation\ApodWSM/Screenshots/ScreenshotsSuccess/HideIcon.png" alt="""/" />  </system-out>
  <testcase classname="Administration.APIRoleManagement" name="AddHideRoleFromDisplayedAPIRole" time="15.735"/>
  <system-out>
<br/> <img src=" E:\Automation\ApodWSM/Screenshots/ScreenshotsSuccess/AddHideRoleFromDisplayedAPIRole.png" alt="""/" />  </system-out>
  <testcase classname="Administration.APIRoleManagement" name="DisplayGroups" time="28.976"/>
  <system-out>
<br/> <img src=" E:\Automation\ApodWSM/Screenshots/ScreenshotsSuccess/DisplayGroups.png" alt="""/" />  </system-out>
  <testcase classname="Administration.APIRoleManagement" name="EditAPIRole" time="16.740"/>
  <system-out>
<br/> <img src=" E:\Automation\ApodWSM/Screenshots/ScreenshotsSuccess/EditAPIRole.png" alt="""/" />  </system-out>
  <testcase classname="Administration.APIRoleManagement" name="CloneAPIRole" time="15.778"/>
  <system-out>
<br/> <img src=" E:\Automation\ApodWSM/Screenshots/ScreenshotsSuccess/CloneAPIRole.png" alt="""/" />  </system-out>
  <testcase classname="Administration.APIRoleManagement" name="DeleteAPIRole" time="22.755"/>
  <system-out>
<br/> <img src=" E:\Automation\ApodWSM/Screenshots/ScreenshotsSuccess/DeleteAPIRole.png" alt="""/" />  </system-out>
  <testcase classname="Administration.APIRoleManagement" name="Logout" time="4.367"/>
  <system-out/>
</testsuite> <!-- Administration.APIRoleManagement -->
