<?xml version="1.0" encoding="UTF-8"?>
<!-- Generated by org.testng.reporters.JUnitReportReporter -->
<testsuite hostname="DESKTOP-9QJNAOQ" failures="0" tests="5" name="SecurityManager.AuditManagement" time="106.260" errors="0" timestamp="05 May 2022 16:36:47 GMT" skipped="0">
  <testcase classname="SecurityManager.AuditManagement" name="Login" time="16.669"/>
  <testcase classname="SecurityManager.AuditManagement" name="CreateAudit" time="35.918"/>
  <testcase classname="SecurityManager.AuditManagement" name="EditAudit" time="23.960"/>
  <testcase classname="SecurityManager.AuditManagement" name="DeleteAudit" time="24.556"/>
  <testcase classname="SecurityManager.AuditManagement" name="Logout" time="5.157"/>
</testsuite> <!-- SecurityManager.AuditManagement -->
