<?xml version="1.0" encoding="UTF-8"?>
<!-- Generated by org.testng.reporters.JUnitReportReporter -->
<testsuite hostname="DESKTOP-K4AEKHO" failures="0" tests="5" name="SecurityManager.UserManagement" time="92.949" errors="0" timestamp="2022-08-25T15:16:16 IST" skipped="0">
  <testcase classname="SecurityManager.UserManagement" name="Login" time="13.655"/>
  <system-out>
    <![CDATA[<br/>
<img src=" E:\Automation\ApodWSM/Screenshots/ScreenshotsSuccess/Login.png" alt="""/" />]]>
  </system-out>
  <testcase classname="SecurityManager.UserManagement" name="CreateUser" time="29.024"/>
  <system-out>
    <![CDATA[<br/>
<img src=" E:\Automation\ApodWSM/Screenshots/ScreenshotsSuccess/CreateUser.png" alt="""/" />]]>
  </system-out>
  <testcase classname="SecurityManager.UserManagement" name="EditUser" time="21.542"/>
  <system-out>
    <![CDATA[<br/>
<img src=" E:\Automation\ApodWSM/Screenshots/ScreenshotsSuccess/EditUser.png" alt="""/" />]]>
  </system-out>
  <testcase classname="SecurityManager.UserManagement" name="DeleteUser" time="24.457"/>
  <system-out>
    <![CDATA[<br/>
<img src=" E:\Automation\ApodWSM/Screenshots/ScreenshotsSuccess/DeleteUser.png" alt="""/" />]]>
  </system-out>
  <testcase classname="SecurityManager.UserManagement" name="Logout" time="4.271"/>
  <system-out/>
</testsuite> <!-- SecurityManager.UserManagement -->
