<?xml version="1.0" encoding="UTF-8"?>
<!-- Generated by org.testng.reporters.JUnitReportReporter -->
<testsuite hostname="DESKTOP-9QJNAOQ" failures="0" tests="5" name="SecurityManager.ObjectGroupManagement" time="100.380" errors="0" timestamp="05 May 2022 16:39:19 GMT" skipped="0">
  <testcase classname="SecurityManager.ObjectGroupManagement" name="Login" time="19.298"/>
  <testcase classname="SecurityManager.ObjectGroupManagement" name="CreateObjectGroup" time="29.402"/>
  <testcase classname="SecurityManager.ObjectGroupManagement" name="EditObjectGroup" time="22.241"/>
  <testcase classname="SecurityManager.ObjectGroupManagement" name="DeleteObjectGroup" time="27.121"/>
  <testcase classname="SecurityManager.ObjectGroupManagement" name="Logout" time="2.318"/>
</testsuite> <!-- SecurityManager.ObjectGroupManagement -->
