<?xml version="1.0" encoding="UTF-8"?>
<!-- Generated by org.testng.reporters.JUnitReportReporter -->
<testsuite hostname="DESKTOP-9QJNAOQ" failures="0" tests="6" name="SecurityManager.RoleManagement" time="131.385" errors="0" timestamp="05 May 2022 16:42:42 GMT" skipped="0">
  <testcase classname="SecurityManager.RoleManagement" name="Login" time="20.370"/>
  <testcase classname="SecurityManager.RoleManagement" name="CreateRole" time="27.062"/>
  <testcase classname="SecurityManager.RoleManagement" name="EditRole" time="31.839"/>
  <testcase classname="SecurityManager.RoleManagement" name="CloneRole" time="27.375"/>
  <testcase classname="SecurityManager.RoleManagement" name="DeleteRole" time="19.883"/>
  <testcase classname="SecurityManager.RoleManagement" name="Logout" time="4.856"/>
</testsuite> <!-- SecurityManager.RoleManagement -->
