<?xml version="1.0" encoding="UTF-8"?>
<!-- Generated by org.testng.reporters.JUnitReportReporter -->
<testsuite hostname="DESKTOP-9QJNAOQ" failures="0" tests="9" name="Administration.ImportData" time="648.517" errors="0" timestamp="05 May 2022 17:13:14 GMT" skipped="0">
  <testcase classname="Administration.ImportData" name="Login" time="16.946"/>
  <testcase classname="Administration.ImportData" name="UploadUsers" time="90.822"/>
  <testcase classname="Administration.ImportData" name="UploadUserGroups" time="89.987"/>
  <testcase classname="Administration.ImportData" name="UploadRole" time="91.380"/>
  <testcase classname="Administration.ImportData" name="UploadServerGroups" time="89.808"/>
  <testcase classname="Administration.ImportData" name="UploadObjectGroups" time="87.665"/>
  <testcase classname="Administration.ImportData" name="UploadAudits" time="89.756"/>
  <testcase classname="Administration.ImportData" name="UploadTrusts" time="87.283"/>
  <testcase classname="Administration.ImportData" name="Logout" time="4.870"/>
</testsuite> <!-- Administration.ImportData -->
